[2025-04-12 20:11:48,967: INFO: common: yaml file: config\config.yaml loaded successfully]
[2025-04-12 20:11:48,978: INFO: common: yaml file: params.yaml loaded successfully]
[2025-04-12 20:14:42,939: INFO: common: yaml file: config\config.yaml loaded successfully]
[2025-04-12 20:14:42,946: INFO: common: yaml file: params.yaml loaded successfully]
[2025-04-12 20:14:42,954: INFO: common: yaml file: schema.yaml loaded successfully]
[2025-04-12 20:14:42,961: INFO: common: created directory at: artifacts]
[2025-04-12 20:14:42,966: INFO: common: created directory at: artifacts/data_ingestion]
[2025-04-12 20:14:44,075: INFO: 251335794: artifacts/data_ingestion/data.zip download! with following info: 
Connection: close
Content-Length: 23329
Cache-Control: max-age=300
Content-Security-Policy: default-src 'none'; style-src 'unsafe-inline'; sandbox
Content-Type: application/zip
ETag: "c69888a4ae59bc5a893392785a938ccd4937981c06ba8a9d6a21aa52b4ab5b6e"
Strict-Transport-Security: max-age=31536000
X-Content-Type-Options: nosniff
X-Frame-Options: deny
X-XSS-Protection: 1; mode=block
X-GitHub-Request-Id: F8DC:2B85EA:AF99D:1FA989:67FA7C5B
Accept-Ranges: bytes
Date: Sat, 12 Apr 2025 14:44:43 GMT
Via: 1.1 varnish
X-Served-By: cache-hyd1100031-HYD
X-Cache: MISS
X-Cache-Hits: 0
X-Timer: S1744469084.624767,VS0,VE273
Vary: Authorization,Accept-Encoding,Origin
Access-Control-Allow-Origin: *
Cross-Origin-Resource-Policy: cross-origin
X-Fastly-Request-ID: 96b8d0c0a2d03d0e3eb9f3141ded375edc380556
Expires: Sat, 12 Apr 2025 14:49:43 GMT
Source-Age: 0

]
[2025-04-13 20:11:42,237: INFO: main: >>>>>> stage Data Ingestion stage started <<<<<<]
[2025-04-13 20:11:42,262: INFO: common: yaml file: config\config.yaml loaded successfully]
[2025-04-13 20:11:42,283: INFO: common: yaml file: params.yaml loaded successfully]
[2025-04-13 20:11:42,292: INFO: common: yaml file: schema.yaml loaded successfully]
[2025-04-13 20:11:42,294: INFO: common: created directory at: artifacts]
[2025-04-13 20:11:42,295: INFO: common: created directory at: artifacts/data_ingestion]
[2025-04-13 20:11:42,296: INFO: data_ingestion: File already exists]
[2025-04-13 20:11:42,345: INFO: main: >>>>>> stage Data Ingestion stage completed <<<<<<

x==========x]
[2025-04-13 21:11:29,431: INFO: common: yaml file: config\config.yaml loaded successfully]
[2025-04-13 21:11:29,445: INFO: common: yaml file: params.yaml loaded successfully]
[2025-04-13 21:11:29,455: INFO: common: yaml file: schema.yaml loaded successfully]
[2025-04-13 21:11:29,468: INFO: common: created directory at: artifacts]
[2025-04-13 21:11:29,472: INFO: common: created directory at: artifacts/data_validation]
[2025-04-14 15:17:48,695: INFO: main: >>>>>> stage Data Ingestion stage started <<<<<<]
[2025-04-14 15:17:48,722: INFO: common: yaml file: config\config.yaml loaded successfully]
[2025-04-14 15:17:48,733: INFO: common: yaml file: params.yaml loaded successfully]
[2025-04-14 15:17:48,748: INFO: common: yaml file: schema.yaml loaded successfully]
[2025-04-14 15:17:48,749: INFO: common: created directory at: artifacts]
[2025-04-14 15:17:48,750: INFO: common: created directory at: artifacts/data_ingestion]
[2025-04-14 15:17:48,750: INFO: data_ingestion: File already exists]
[2025-04-14 15:17:48,770: INFO: main: >>>>>> stage Data Ingestion stage completed <<<<<<

x==========x]
[2025-04-14 15:35:29,906: INFO: main: >>>>>> stage Data Ingestion stage started <<<<<<]
[2025-04-14 15:35:29,910: INFO: common: yaml file: config\config.yaml loaded successfully]
[2025-04-14 15:35:29,912: INFO: common: yaml file: params.yaml loaded successfully]
[2025-04-14 15:35:29,914: INFO: common: yaml file: schema.yaml loaded successfully]
[2025-04-14 15:35:29,916: INFO: common: created directory at: artifacts]
[2025-04-14 15:35:29,918: INFO: common: created directory at: artifacts/data_ingestion]
[2025-04-14 15:35:29,919: INFO: data_ingestion: File already exists]
[2025-04-14 15:35:29,927: INFO: main: >>>>>> stage Data Ingestion stage completed <<<<<<

x==========x]
[2025-04-14 15:35:29,927: INFO: main: >>>>>> stage Data Validation stage started <<<<<<]
[2025-04-14 15:35:29,933: INFO: common: yaml file: config\config.yaml loaded successfully]
[2025-04-14 15:35:29,935: INFO: common: yaml file: params.yaml loaded successfully]
[2025-04-14 15:35:29,937: INFO: common: yaml file: schema.yaml loaded successfully]
[2025-04-14 15:35:29,937: INFO: common: created directory at: artifacts]
[2025-04-14 15:35:29,939: INFO: common: created directory at: artifacts/data_validation]
[2025-04-14 15:35:29,986: INFO: main: >>>>>> stage Data Validation stage completed <<<<<<

x==========x]
[2025-04-14 15:38:13,616: INFO: main: >>>>>> stage Data Ingestion stage started <<<<<<]
[2025-04-14 15:38:13,618: INFO: common: yaml file: config\config.yaml loaded successfully]
[2025-04-14 15:38:13,619: INFO: common: yaml file: params.yaml loaded successfully]
[2025-04-14 15:38:13,620: INFO: common: yaml file: schema.yaml loaded successfully]
[2025-04-14 15:38:13,620: INFO: common: created directory at: artifacts]
[2025-04-14 15:38:13,620: INFO: common: created directory at: artifacts/data_ingestion]
[2025-04-14 15:38:13,620: INFO: data_ingestion: File already exists]
[2025-04-14 15:38:13,622: INFO: main: >>>>>> stage Data Ingestion stage completed <<<<<<

x==========x]
[2025-04-14 15:38:13,625: INFO: main: >>>>>> stage Data Validation stage started <<<<<<]
[2025-04-14 15:38:13,627: INFO: common: yaml file: config\config.yaml loaded successfully]
[2025-04-14 15:38:13,629: INFO: common: yaml file: params.yaml loaded successfully]
[2025-04-14 15:38:13,633: INFO: common: yaml file: schema.yaml loaded successfully]
[2025-04-14 15:38:13,634: INFO: common: created directory at: artifacts]
[2025-04-14 15:38:13,635: INFO: common: created directory at: artifacts/data_validation]
[2025-04-14 15:38:13,670: INFO: main: >>>>>> stage Data Validation stage completed <<<<<<

x==========x]
[2025-04-14 17:12:12,240: INFO: common: yaml file: config\config.yaml loaded successfully]
[2025-04-14 17:12:12,259: INFO: common: yaml file: params.yaml loaded successfully]
[2025-04-14 17:12:12,270: INFO: common: yaml file: schema.yaml loaded successfully]
[2025-04-14 17:12:12,278: INFO: common: created directory at: artifacts]
[2025-04-14 17:12:12,285: INFO: common: created directory at: artifacts/data_transformation]
[2025-04-14 17:12:12,456: INFO: 741865018: Splited data into training and test sets]
[2025-04-14 17:12:12,463: INFO: 741865018: (1199, 12)]
[2025-04-14 17:12:12,470: INFO: 741865018: (400, 12)]
[2025-04-14 17:33:21,741: INFO: main: >>>>>> stage Data Ingestion stage started <<<<<<]
[2025-04-14 17:33:21,746: INFO: common: yaml file: config\config.yaml loaded successfully]
[2025-04-14 17:33:21,751: INFO: common: yaml file: params.yaml loaded successfully]
[2025-04-14 17:33:21,754: INFO: common: yaml file: schema.yaml loaded successfully]
[2025-04-14 17:33:21,756: INFO: common: created directory at: artifacts]
[2025-04-14 17:33:21,757: INFO: common: created directory at: artifacts/data_ingestion]
[2025-04-14 17:33:21,757: INFO: data_ingestion: File already exists]
[2025-04-14 17:33:21,820: INFO: main: >>>>>> stage Data Ingestion stage completed <<<<<<

x==========x]
[2025-04-14 17:33:21,821: INFO: main: >>>>>> stage Data Validation stage started <<<<<<]
[2025-04-14 17:33:21,826: INFO: common: yaml file: config\config.yaml loaded successfully]
[2025-04-14 17:33:21,828: INFO: common: yaml file: params.yaml loaded successfully]
[2025-04-14 17:33:21,830: INFO: common: yaml file: schema.yaml loaded successfully]
[2025-04-14 17:33:21,834: INFO: common: created directory at: artifacts]
[2025-04-14 17:33:21,837: INFO: common: created directory at: artifacts/data_validation]
[2025-04-14 17:33:21,911: INFO: main: >>>>>> stage Data Validation stage completed <<<<<<

x==========x]
[2025-04-14 17:33:21,912: INFO: main: >>>>>> stage Data Transformation stage started <<<<<<]
[2025-04-14 17:33:21,921: INFO: common: yaml file: config\config.yaml loaded successfully]
[2025-04-14 17:33:21,923: INFO: common: yaml file: params.yaml loaded successfully]
[2025-04-14 17:33:21,925: INFO: common: yaml file: schema.yaml loaded successfully]
[2025-04-14 17:33:21,926: INFO: common: created directory at: artifacts]
[2025-04-14 17:33:21,926: INFO: common: created directory at: artifacts/data_transformation]
[2025-04-14 17:33:21,980: INFO: data_transformation: Splited data into training and test sets]
[2025-04-14 17:33:21,980: INFO: data_transformation: (1199, 12)]
[2025-04-14 17:33:21,981: INFO: data_transformation: (400, 12)]
[2025-04-14 17:33:21,982: INFO: main: >>>>>> stage Data Transformation stage completed <<<<<<

x==========x]
[2025-04-15 10:01:14,061: INFO: common: yaml file: config\config.yaml loaded successfully]
[2025-04-15 10:01:14,070: INFO: common: yaml file: params.yaml loaded successfully]
[2025-04-15 10:01:14,080: INFO: common: yaml file: schema.yaml loaded successfully]
[2025-04-15 10:01:14,092: INFO: common: created directory at: artifacts]
[2025-04-15 10:25:14,825: INFO: common: yaml file: config\config.yaml loaded successfully]
[2025-04-15 10:25:14,846: INFO: common: yaml file: params.yaml loaded successfully]
[2025-04-15 10:25:14,869: INFO: common: yaml file: schema.yaml loaded successfully]
[2025-04-15 10:25:14,872: INFO: common: created directory at: artifacts]
[2025-04-15 10:25:14,874: INFO: common: created directory at: artifacts/model_trainer]
[2025-04-15 10:44:09,544: INFO: main: >>>>>> stage Data Ingestion stage started <<<<<<]
[2025-04-15 10:44:09,549: INFO: common: yaml file: config\config.yaml loaded successfully]
[2025-04-15 10:44:09,574: INFO: common: yaml file: params.yaml loaded successfully]
[2025-04-15 10:44:09,578: INFO: common: yaml file: schema.yaml loaded successfully]
[2025-04-15 10:44:09,580: INFO: common: created directory at: artifacts]
[2025-04-15 10:44:09,581: INFO: common: created directory at: artifacts/data_ingestion]
[2025-04-15 10:44:09,582: INFO: data_ingestion: File already exists]
[2025-04-15 10:44:09,629: INFO: main: >>>>>> stage Data Ingestion stage completed <<<<<<

x==========x]
[2025-04-15 10:44:09,629: INFO: main: >>>>>> stage Data Validation stage started <<<<<<]
[2025-04-15 10:44:09,632: INFO: common: yaml file: config\config.yaml loaded successfully]
[2025-04-15 10:44:09,633: INFO: common: yaml file: params.yaml loaded successfully]
[2025-04-15 10:44:09,635: INFO: common: yaml file: schema.yaml loaded successfully]
[2025-04-15 10:44:09,636: INFO: common: created directory at: artifacts]
[2025-04-15 10:44:09,637: INFO: common: created directory at: artifacts/data_validation]
[2025-04-15 10:44:09,700: INFO: main: >>>>>> stage Data Validation stage completed <<<<<<

x==========x]
[2025-04-15 10:44:09,701: INFO: main: >>>>>> stage Data Transformation stage started <<<<<<]
[2025-04-15 10:44:09,726: INFO: common: yaml file: config\config.yaml loaded successfully]
[2025-04-15 10:44:09,729: INFO: common: yaml file: params.yaml loaded successfully]
[2025-04-15 10:44:09,732: INFO: common: yaml file: schema.yaml loaded successfully]
[2025-04-15 10:44:09,734: INFO: common: created directory at: artifacts]
[2025-04-15 10:44:09,734: INFO: common: created directory at: artifacts/data_transformation]
[2025-04-15 10:44:09,781: INFO: data_transformation: Splited data into training and test sets]
[2025-04-15 10:44:09,782: INFO: data_transformation: (1199, 12)]
[2025-04-15 10:44:09,783: INFO: data_transformation: (400, 12)]
[2025-04-15 10:44:09,785: INFO: main: >>>>>> stage Data Transformation stage completed <<<<<<

x==========x]
[2025-04-15 10:44:09,786: INFO: main: >>>>>> stage Model Trainer stage started <<<<<<]
[2025-04-15 10:44:09,786: ERROR: main: name 'ModelTrainerTrainingPipeline' is not defined]
Traceback (most recent call last):
  File "C:\Users\Balu0\Downloads\MLops\DatascienceProject\main.py", line 40, in <module>
    data_ingestion = ModelTrainerTrainingPipeline()
                     ^^^^^^^^^^^^^^^^^^^^^^^^^^^^
NameError: name 'ModelTrainerTrainingPipeline' is not defined
[2025-04-15 10:45:52,024: INFO: main: >>>>>> stage Data Ingestion stage started <<<<<<]
[2025-04-15 10:45:52,029: INFO: common: yaml file: config\config.yaml loaded successfully]
[2025-04-15 10:45:52,030: INFO: common: yaml file: params.yaml loaded successfully]
[2025-04-15 10:45:52,032: INFO: common: yaml file: schema.yaml loaded successfully]
[2025-04-15 10:45:52,033: INFO: common: created directory at: artifacts]
[2025-04-15 10:45:52,034: INFO: common: created directory at: artifacts/data_ingestion]
[2025-04-15 10:45:52,034: INFO: data_ingestion: File already exists]
[2025-04-15 10:45:52,040: INFO: main: >>>>>> stage Data Ingestion stage completed <<<<<<

x==========x]
[2025-04-15 10:45:52,040: INFO: main: >>>>>> stage Data Validation stage started <<<<<<]
[2025-04-15 10:45:52,043: INFO: common: yaml file: config\config.yaml loaded successfully]
[2025-04-15 10:45:52,045: INFO: common: yaml file: params.yaml loaded successfully]
[2025-04-15 10:45:52,047: INFO: common: yaml file: schema.yaml loaded successfully]
[2025-04-15 10:45:52,049: INFO: common: created directory at: artifacts]
[2025-04-15 10:45:52,052: INFO: common: created directory at: artifacts/data_validation]
[2025-04-15 10:45:52,108: INFO: main: >>>>>> stage Data Validation stage completed <<<<<<

x==========x]
[2025-04-15 10:45:52,109: INFO: main: >>>>>> stage Data Transformation stage started <<<<<<]
[2025-04-15 10:45:52,116: INFO: common: yaml file: config\config.yaml loaded successfully]
[2025-04-15 10:45:52,118: INFO: common: yaml file: params.yaml loaded successfully]
[2025-04-15 10:45:52,119: INFO: common: yaml file: schema.yaml loaded successfully]
[2025-04-15 10:45:52,121: INFO: common: created directory at: artifacts]
[2025-04-15 10:45:52,123: INFO: common: created directory at: artifacts/data_transformation]
[2025-04-15 10:45:52,161: INFO: data_transformation: Splited data into training and test sets]
[2025-04-15 10:45:52,161: INFO: data_transformation: (1199, 12)]
[2025-04-15 10:45:52,162: INFO: data_transformation: (400, 12)]
[2025-04-15 10:45:52,163: INFO: main: >>>>>> stage Data Transformation stage completed <<<<<<

x==========x]
[2025-04-15 10:45:52,164: INFO: main: >>>>>> stage Model Trainer stage started <<<<<<]
[2025-04-15 10:45:52,168: INFO: common: yaml file: config\config.yaml loaded successfully]
[2025-04-15 10:45:52,170: INFO: common: yaml file: params.yaml loaded successfully]
[2025-04-15 10:45:52,175: INFO: common: yaml file: schema.yaml loaded successfully]
[2025-04-15 10:45:52,176: INFO: common: created directory at: artifacts]
[2025-04-15 10:45:52,178: INFO: common: created directory at: artifacts/model_trainer]
[2025-04-15 10:45:52,291: INFO: main: >>>>>> stage Model Trainer stage completed <<<<<<

x==========x]
[2025-04-17 15:40:54,401: INFO: common: yaml file: config\config.yaml loaded successfully]
[2025-04-17 15:40:54,426: INFO: common: yaml file: params.yaml loaded successfully]
[2025-04-17 15:40:54,453: INFO: common: yaml file: schema.yaml loaded successfully]
[2025-04-17 15:40:54,456: INFO: common: created directory at: artifacts]
[2025-04-17 15:40:54,461: INFO: common: created directory at: artifacts/model_evaluation]
[2025-04-17 15:40:56,492: INFO: common: json file saved at: artifacts\model_evaluation\metrics.json]
[2025-04-17 16:20:15,688: INFO: common: yaml file: config\config.yaml loaded successfully]
[2025-04-17 16:20:15,700: INFO: common: yaml file: params.yaml loaded successfully]
[2025-04-17 16:20:15,705: INFO: common: yaml file: schema.yaml loaded successfully]
[2025-04-17 16:20:15,709: INFO: common: created directory at: artifacts]
[2025-04-17 16:20:15,711: INFO: common: created directory at: artifacts/model_evaluation]
[2025-04-17 16:20:16,912: INFO: common: json file saved at: artifacts\model_evaluation\metrics.json]
[2025-04-17 19:37:59,643: INFO: main: >>>>>> stage Data Ingestion stage started <<<<<<]
[2025-04-17 19:37:59,648: INFO: common: yaml file: config\config.yaml loaded successfully]
[2025-04-17 19:37:59,652: INFO: common: yaml file: params.yaml loaded successfully]
[2025-04-17 19:37:59,654: INFO: common: yaml file: schema.yaml loaded successfully]
[2025-04-17 19:37:59,655: INFO: common: created directory at: artifacts]
[2025-04-17 19:37:59,655: INFO: common: created directory at: artifacts/data_ingestion]
[2025-04-17 19:37:59,657: INFO: data_ingestion: File already exists]
[2025-04-17 19:37:59,702: INFO: main: >>>>>> stage Data Ingestion stage completed <<<<<<

x==========x]
[2025-04-17 19:37:59,703: INFO: main: >>>>>> stage Data Validation stage started <<<<<<]
[2025-04-17 19:37:59,705: INFO: common: yaml file: config\config.yaml loaded successfully]
[2025-04-17 19:37:59,706: INFO: common: yaml file: params.yaml loaded successfully]
[2025-04-17 19:37:59,708: INFO: common: yaml file: schema.yaml loaded successfully]
[2025-04-17 19:37:59,708: INFO: common: created directory at: artifacts]
[2025-04-17 19:37:59,709: INFO: common: created directory at: artifacts/data_validation]
[2025-04-17 19:37:59,783: INFO: main: >>>>>> stage Data Validation stage completed <<<<<<

x==========x]
[2025-04-17 19:37:59,785: INFO: main: >>>>>> stage Data Transformation stage started <<<<<<]
[2025-04-17 19:37:59,825: INFO: common: yaml file: config\config.yaml loaded successfully]
[2025-04-17 19:37:59,827: INFO: common: yaml file: params.yaml loaded successfully]
[2025-04-17 19:37:59,831: INFO: common: yaml file: schema.yaml loaded successfully]
[2025-04-17 19:37:59,840: INFO: common: created directory at: artifacts]
[2025-04-17 19:37:59,843: INFO: common: created directory at: artifacts/data_transformation]
[2025-04-17 19:37:59,914: INFO: data_transformation: Splited data into training and test sets]
[2025-04-17 19:37:59,915: INFO: data_transformation: (1199, 12)]
[2025-04-17 19:37:59,915: INFO: data_transformation: (400, 12)]
[2025-04-17 19:37:59,920: INFO: main: >>>>>> stage Data Transformation stage completed <<<<<<

x==========x]
[2025-04-17 19:37:59,920: INFO: main: >>>>>> stage Model Trainer stage started <<<<<<]
[2025-04-17 19:37:59,925: INFO: common: yaml file: config\config.yaml loaded successfully]
[2025-04-17 19:37:59,927: INFO: common: yaml file: params.yaml loaded successfully]
[2025-04-17 19:37:59,929: INFO: common: yaml file: schema.yaml loaded successfully]
[2025-04-17 19:37:59,930: INFO: common: created directory at: artifacts]
[2025-04-17 19:37:59,931: INFO: common: created directory at: artifacts/model_trainer]
[2025-04-17 19:38:00,078: INFO: main: >>>>>> stage Model Trainer stage completed <<<<<<

x==========x]
[2025-04-17 19:38:00,079: INFO: main: >>>>>> stage Model evaluation stage started <<<<<<]
[2025-04-17 19:38:00,086: INFO: common: yaml file: config\config.yaml loaded successfully]
[2025-04-17 19:38:00,090: INFO: common: yaml file: params.yaml loaded successfully]
[2025-04-17 19:38:00,094: INFO: common: yaml file: schema.yaml loaded successfully]
[2025-04-17 19:38:00,095: INFO: common: created directory at: artifacts]
[2025-04-17 19:38:00,097: INFO: common: created directory at: artifacts/model_evaluation]
[2025-04-17 19:38:03,897: ERROR: main: name 'save_json' is not defined]
Traceback (most recent call last):
  File "C:\Users\Balu0\Downloads\MLops\DatascienceProject\main.py", line 54, in <module>
    data_ingestion.initiate_model_evaluation()
  File "C:\Users\Balu0\Downloads\MLops\DatascienceProject\src\datascience\pipeline\model_evaluation_pipeline.py", line 15, in initiate_model_evaluation
    model_evaluation.log_into_mlflow()
  File "C:\Users\Balu0\Downloads\MLops\DatascienceProject\src\datascience\components\model_evaluation.py", line 43, in log_into_mlflow
    save_json(path=Path(self.config.metric_file_name), data=scores)
    ^^^^^^^^^
NameError: name 'save_json' is not defined
[2025-04-17 19:42:48,636: INFO: main: >>>>>> stage Data Ingestion stage started <<<<<<]
[2025-04-17 19:42:48,640: INFO: common: yaml file: config\config.yaml loaded successfully]
[2025-04-17 19:42:48,642: INFO: common: yaml file: params.yaml loaded successfully]
[2025-04-17 19:42:48,643: INFO: common: yaml file: schema.yaml loaded successfully]
[2025-04-17 19:42:48,645: INFO: common: created directory at: artifacts]
[2025-04-17 19:42:48,646: INFO: common: created directory at: artifacts/data_ingestion]
[2025-04-17 19:42:48,646: INFO: data_ingestion: File already exists]
[2025-04-17 19:42:48,653: INFO: main: >>>>>> stage Data Ingestion stage completed <<<<<<

x==========x]
[2025-04-17 19:42:48,654: INFO: main: >>>>>> stage Data Validation stage started <<<<<<]
[2025-04-17 19:42:48,658: INFO: common: yaml file: config\config.yaml loaded successfully]
[2025-04-17 19:42:48,660: INFO: common: yaml file: params.yaml loaded successfully]
[2025-04-17 19:42:48,662: INFO: common: yaml file: schema.yaml loaded successfully]
[2025-04-17 19:42:48,664: INFO: common: created directory at: artifacts]
[2025-04-17 19:42:48,665: INFO: common: created directory at: artifacts/data_validation]
[2025-04-17 19:42:48,773: INFO: main: >>>>>> stage Data Validation stage completed <<<<<<

x==========x]
[2025-04-17 19:42:48,805: INFO: main: >>>>>> stage Data Transformation stage started <<<<<<]
[2025-04-17 19:42:48,837: INFO: common: yaml file: config\config.yaml loaded successfully]
[2025-04-17 19:42:48,841: INFO: common: yaml file: params.yaml loaded successfully]
[2025-04-17 19:42:48,843: INFO: common: yaml file: schema.yaml loaded successfully]
[2025-04-17 19:42:48,847: INFO: common: created directory at: artifacts]
[2025-04-17 19:42:48,848: INFO: common: created directory at: artifacts/data_transformation]
[2025-04-17 19:42:48,899: INFO: data_transformation: Splited data into training and test sets]
[2025-04-17 19:42:48,900: INFO: data_transformation: (1199, 12)]
[2025-04-17 19:42:48,900: INFO: data_transformation: (400, 12)]
[2025-04-17 19:42:48,901: INFO: main: >>>>>> stage Data Transformation stage completed <<<<<<

x==========x]
[2025-04-17 19:42:48,902: INFO: main: >>>>>> stage Model Trainer stage started <<<<<<]
[2025-04-17 19:42:48,904: INFO: common: yaml file: config\config.yaml loaded successfully]
[2025-04-17 19:42:48,907: INFO: common: yaml file: params.yaml loaded successfully]
[2025-04-17 19:42:48,909: INFO: common: yaml file: schema.yaml loaded successfully]
[2025-04-17 19:42:48,909: INFO: common: created directory at: artifacts]
[2025-04-17 19:42:48,910: INFO: common: created directory at: artifacts/model_trainer]
[2025-04-17 19:42:49,023: INFO: main: >>>>>> stage Model Trainer stage completed <<<<<<

x==========x]
[2025-04-17 19:42:49,023: INFO: main: >>>>>> stage Model evaluation stage started <<<<<<]
[2025-04-17 19:42:49,027: INFO: common: yaml file: config\config.yaml loaded successfully]
[2025-04-17 19:42:49,033: INFO: common: yaml file: params.yaml loaded successfully]
[2025-04-17 19:42:49,036: INFO: common: yaml file: schema.yaml loaded successfully]
[2025-04-17 19:42:49,038: INFO: common: created directory at: artifacts]
[2025-04-17 19:42:49,038: INFO: common: created directory at: artifacts/model_evaluation]
[2025-04-17 19:42:51,758: ERROR: main: name 'save_json' is not defined]
Traceback (most recent call last):
  File "C:\Users\Balu0\Downloads\MLops\DatascienceProject\main.py", line 54, in <module>
    data_ingestion.initiate_model_evaluation()
  File "C:\Users\Balu0\Downloads\MLops\DatascienceProject\src\datascience\pipeline\model_evaluation_pipeline.py", line 15, in initiate_model_evaluation
    model_evaluation.log_into_mlflow()
  File "C:\Users\Balu0\Downloads\MLops\DatascienceProject\src\datascience\components\model_evaluation.py", line 43, in log_into_mlflow
    save_json(path=Path(self.config.metric_file_name), data=scores)
    ^^^^^^^^^
NameError: name 'save_json' is not defined
[2025-04-17 19:43:03,598: INFO: main: >>>>>> stage Data Ingestion stage started <<<<<<]
[2025-04-17 19:43:03,601: INFO: common: yaml file: config\config.yaml loaded successfully]
[2025-04-17 19:43:03,603: INFO: common: yaml file: params.yaml loaded successfully]
[2025-04-17 19:43:03,605: INFO: common: yaml file: schema.yaml loaded successfully]
[2025-04-17 19:43:03,606: INFO: common: created directory at: artifacts]
[2025-04-17 19:43:03,606: INFO: common: created directory at: artifacts/data_ingestion]
[2025-04-17 19:43:03,608: INFO: data_ingestion: File already exists]
[2025-04-17 19:43:03,612: INFO: main: >>>>>> stage Data Ingestion stage completed <<<<<<

x==========x]
[2025-04-17 19:43:03,613: INFO: main: >>>>>> stage Data Validation stage started <<<<<<]
[2025-04-17 19:43:03,616: INFO: common: yaml file: config\config.yaml loaded successfully]
[2025-04-17 19:43:03,617: INFO: common: yaml file: params.yaml loaded successfully]
[2025-04-17 19:43:03,619: INFO: common: yaml file: schema.yaml loaded successfully]
[2025-04-17 19:43:03,621: INFO: common: created directory at: artifacts]
[2025-04-17 19:43:03,621: INFO: common: created directory at: artifacts/data_validation]
[2025-04-17 19:43:03,672: INFO: main: >>>>>> stage Data Validation stage completed <<<<<<

x==========x]
[2025-04-17 19:43:03,673: INFO: main: >>>>>> stage Data Transformation stage started <<<<<<]
[2025-04-17 19:43:03,677: INFO: common: yaml file: config\config.yaml loaded successfully]
[2025-04-17 19:43:03,684: INFO: common: yaml file: params.yaml loaded successfully]
[2025-04-17 19:43:03,686: INFO: common: yaml file: schema.yaml loaded successfully]
[2025-04-17 19:43:03,688: INFO: common: created directory at: artifacts]
[2025-04-17 19:43:03,688: INFO: common: created directory at: artifacts/data_transformation]
[2025-04-17 19:43:03,723: INFO: data_transformation: Splited data into training and test sets]
[2025-04-17 19:43:03,724: INFO: data_transformation: (1199, 12)]
[2025-04-17 19:43:03,724: INFO: data_transformation: (400, 12)]
[2025-04-17 19:43:03,725: INFO: main: >>>>>> stage Data Transformation stage completed <<<<<<

x==========x]
[2025-04-17 19:43:03,725: INFO: main: >>>>>> stage Model Trainer stage started <<<<<<]
[2025-04-17 19:43:03,728: INFO: common: yaml file: config\config.yaml loaded successfully]
[2025-04-17 19:43:03,734: INFO: common: yaml file: params.yaml loaded successfully]
[2025-04-17 19:43:03,737: INFO: common: yaml file: schema.yaml loaded successfully]
[2025-04-17 19:43:03,738: INFO: common: created directory at: artifacts]
[2025-04-17 19:43:03,739: INFO: common: created directory at: artifacts/model_trainer]
[2025-04-17 19:43:03,834: INFO: main: >>>>>> stage Model Trainer stage completed <<<<<<

x==========x]
[2025-04-17 19:43:03,835: INFO: main: >>>>>> stage Model evaluation stage started <<<<<<]
[2025-04-17 19:43:03,838: INFO: common: yaml file: config\config.yaml loaded successfully]
[2025-04-17 19:43:03,840: INFO: common: yaml file: params.yaml loaded successfully]
[2025-04-17 19:43:03,843: INFO: common: yaml file: schema.yaml loaded successfully]
[2025-04-17 19:43:03,848: INFO: common: created directory at: artifacts]
[2025-04-17 19:43:03,850: INFO: common: created directory at: artifacts/model_evaluation]
[2025-04-17 19:43:05,151: ERROR: main: name 'save_json' is not defined]
Traceback (most recent call last):
  File "C:\Users\Balu0\Downloads\MLops\DatascienceProject\main.py", line 55, in <module>
    data_ingestion.initiate_model_evaluation()
  File "C:\Users\Balu0\Downloads\MLops\DatascienceProject\src\datascience\pipeline\model_evaluation_pipeline.py", line 15, in initiate_model_evaluation
    model_evaluation.log_into_mlflow()
  File "C:\Users\Balu0\Downloads\MLops\DatascienceProject\src\datascience\components\model_evaluation.py", line 43, in log_into_mlflow
    save_json(path=Path(self.config.metric_file_name), data=scores)
    ^^^^^^^^^
NameError: name 'save_json' is not defined
[2025-04-17 19:43:55,456: INFO: main: >>>>>> stage Data Ingestion stage started <<<<<<]
[2025-04-17 19:43:55,460: INFO: common: yaml file: config\config.yaml loaded successfully]
[2025-04-17 19:43:55,463: INFO: common: yaml file: params.yaml loaded successfully]
[2025-04-17 19:43:55,465: INFO: common: yaml file: schema.yaml loaded successfully]
[2025-04-17 19:43:55,466: INFO: common: created directory at: artifacts]
[2025-04-17 19:43:55,467: INFO: common: created directory at: artifacts/data_ingestion]
[2025-04-17 19:43:55,467: INFO: data_ingestion: File already exists]
[2025-04-17 19:43:55,472: INFO: main: >>>>>> stage Data Ingestion stage completed <<<<<<

x==========x]
[2025-04-17 19:43:55,473: INFO: main: >>>>>> stage Data Validation stage started <<<<<<]
[2025-04-17 19:43:55,476: INFO: common: yaml file: config\config.yaml loaded successfully]
[2025-04-17 19:43:55,479: INFO: common: yaml file: params.yaml loaded successfully]
[2025-04-17 19:43:55,482: INFO: common: yaml file: schema.yaml loaded successfully]
[2025-04-17 19:43:55,483: INFO: common: created directory at: artifacts]
[2025-04-17 19:43:55,483: INFO: common: created directory at: artifacts/data_validation]
[2025-04-17 19:43:55,526: INFO: main: >>>>>> stage Data Validation stage completed <<<<<<

x==========x]
[2025-04-17 19:43:55,526: INFO: main: >>>>>> stage Data Transformation stage started <<<<<<]
[2025-04-17 19:43:55,533: INFO: common: yaml file: config\config.yaml loaded successfully]
[2025-04-17 19:43:55,535: INFO: common: yaml file: params.yaml loaded successfully]
[2025-04-17 19:43:55,537: INFO: common: yaml file: schema.yaml loaded successfully]
[2025-04-17 19:43:55,538: INFO: common: created directory at: artifacts]
[2025-04-17 19:43:55,539: INFO: common: created directory at: artifacts/data_transformation]
[2025-04-17 19:43:55,576: INFO: data_transformation: Splited data into training and test sets]
[2025-04-17 19:43:55,577: INFO: data_transformation: (1199, 12)]
[2025-04-17 19:43:55,579: INFO: data_transformation: (400, 12)]
[2025-04-17 19:43:55,581: INFO: main: >>>>>> stage Data Transformation stage completed <<<<<<

x==========x]
[2025-04-17 19:43:55,582: INFO: main: >>>>>> stage Model Trainer stage started <<<<<<]
[2025-04-17 19:43:55,586: INFO: common: yaml file: config\config.yaml loaded successfully]
[2025-04-17 19:43:55,588: INFO: common: yaml file: params.yaml loaded successfully]
[2025-04-17 19:43:55,590: INFO: common: yaml file: schema.yaml loaded successfully]
[2025-04-17 19:43:55,591: INFO: common: created directory at: artifacts]
[2025-04-17 19:43:55,592: INFO: common: created directory at: artifacts/model_trainer]
[2025-04-17 19:43:55,694: INFO: main: >>>>>> stage Model Trainer stage completed <<<<<<

x==========x]
[2025-04-17 19:43:55,696: INFO: main: >>>>>> stage Model evaluation stage started <<<<<<]
[2025-04-17 19:43:55,702: INFO: common: yaml file: config\config.yaml loaded successfully]
[2025-04-17 19:43:55,705: INFO: common: yaml file: params.yaml loaded successfully]
[2025-04-17 19:43:55,709: INFO: common: yaml file: schema.yaml loaded successfully]
[2025-04-17 19:43:55,713: INFO: common: created directory at: artifacts]
[2025-04-17 19:43:55,716: INFO: common: created directory at: artifacts/model_evaluation]
[2025-04-17 19:43:57,111: ERROR: main: name 'save_json' is not defined]
Traceback (most recent call last):
  File "C:\Users\Balu0\Downloads\MLops\DatascienceProject\main.py", line 57, in <module>
    data_ingestion.initiate_model_evaluation()
  File "C:\Users\Balu0\Downloads\MLops\DatascienceProject\src\datascience\pipeline\model_evaluation_pipeline.py", line 15, in initiate_model_evaluation
    model_evaluation.log_into_mlflow()
  File "C:\Users\Balu0\Downloads\MLops\DatascienceProject\src\datascience\components\model_evaluation.py", line 43, in log_into_mlflow
    save_json(path=Path(self.config.metric_file_name), data=scores)
    ^^^^^^^^^
NameError: name 'save_json' is not defined
[2025-04-17 19:45:14,249: INFO: main: >>>>>> stage Data Ingestion stage started <<<<<<]
[2025-04-17 19:45:14,252: INFO: common: yaml file: config\config.yaml loaded successfully]
[2025-04-17 19:45:14,253: INFO: common: yaml file: params.yaml loaded successfully]
[2025-04-17 19:45:14,255: INFO: common: yaml file: schema.yaml loaded successfully]
[2025-04-17 19:45:14,256: INFO: common: created directory at: artifacts]
[2025-04-17 19:45:14,257: INFO: common: created directory at: artifacts/data_ingestion]
[2025-04-17 19:45:14,257: INFO: data_ingestion: File already exists]
[2025-04-17 19:45:14,264: INFO: main: >>>>>> stage Data Ingestion stage completed <<<<<<

x==========x]
[2025-04-17 19:45:14,264: INFO: main: >>>>>> stage Data Validation stage started <<<<<<]
[2025-04-17 19:45:14,268: INFO: common: yaml file: config\config.yaml loaded successfully]
[2025-04-17 19:45:14,270: INFO: common: yaml file: params.yaml loaded successfully]
[2025-04-17 19:45:14,272: INFO: common: yaml file: schema.yaml loaded successfully]
[2025-04-17 19:45:14,273: INFO: common: created directory at: artifacts]
[2025-04-17 19:45:14,274: INFO: common: created directory at: artifacts/data_validation]
[2025-04-17 19:45:14,335: INFO: main: >>>>>> stage Data Validation stage completed <<<<<<

x==========x]
[2025-04-17 19:45:14,336: INFO: main: >>>>>> stage Data Transformation stage started <<<<<<]
[2025-04-17 19:45:14,340: INFO: common: yaml file: config\config.yaml loaded successfully]
[2025-04-17 19:45:14,341: INFO: common: yaml file: params.yaml loaded successfully]
[2025-04-17 19:45:14,349: INFO: common: yaml file: schema.yaml loaded successfully]
[2025-04-17 19:45:14,352: INFO: common: created directory at: artifacts]
[2025-04-17 19:45:14,353: INFO: common: created directory at: artifacts/data_transformation]
[2025-04-17 19:45:14,391: INFO: data_transformation: Splited data into training and test sets]
[2025-04-17 19:45:14,391: INFO: data_transformation: (1199, 12)]
[2025-04-17 19:45:14,391: INFO: data_transformation: (400, 12)]
[2025-04-17 19:45:14,392: INFO: main: >>>>>> stage Data Transformation stage completed <<<<<<

x==========x]
[2025-04-17 19:45:14,393: INFO: main: >>>>>> stage Model Trainer stage started <<<<<<]
[2025-04-17 19:45:14,402: INFO: common: yaml file: config\config.yaml loaded successfully]
[2025-04-17 19:45:14,405: INFO: common: yaml file: params.yaml loaded successfully]
[2025-04-17 19:45:14,408: INFO: common: yaml file: schema.yaml loaded successfully]
[2025-04-17 19:45:14,409: INFO: common: created directory at: artifacts]
[2025-04-17 19:45:14,410: INFO: common: created directory at: artifacts/model_trainer]
[2025-04-17 19:45:14,513: INFO: main: >>>>>> stage Model Trainer stage completed <<<<<<

x==========x]
[2025-04-17 19:45:14,514: INFO: main: >>>>>> stage Model Evaluation stage started <<<<<<]
[2025-04-17 19:45:14,517: INFO: common: yaml file: config\config.yaml loaded successfully]
[2025-04-17 19:45:14,519: INFO: common: yaml file: params.yaml loaded successfully]
[2025-04-17 19:45:14,521: INFO: common: yaml file: schema.yaml loaded successfully]
[2025-04-17 19:45:14,522: INFO: common: created directory at: artifacts]
[2025-04-17 19:45:14,522: INFO: common: created directory at: artifacts/model_evaluation]
[2025-04-17 19:45:15,863: ERROR: main: name 'save_json' is not defined]
Traceback (most recent call last):
  File "C:\Users\Balu0\Downloads\MLops\DatascienceProject\main.py", line 58, in <module>
    evaluation_pipeline.initiate_model_evaluation()
  File "C:\Users\Balu0\Downloads\MLops\DatascienceProject\src\datascience\pipeline\model_evaluation_pipeline.py", line 15, in initiate_model_evaluation
    model_evaluation.log_into_mlflow()
  File "C:\Users\Balu0\Downloads\MLops\DatascienceProject\src\datascience\components\model_evaluation.py", line 43, in log_into_mlflow
    save_json(path=Path(self.config.metric_file_name), data=scores)
    ^^^^^^^^^
NameError: name 'save_json' is not defined
[2025-04-17 19:48:31,132: INFO: main: >>>>>> stage Data Ingestion stage started <<<<<<]
[2025-04-17 19:48:31,135: INFO: common: yaml file: config\config.yaml loaded successfully]
[2025-04-17 19:48:31,136: INFO: common: yaml file: params.yaml loaded successfully]
[2025-04-17 19:48:31,139: INFO: common: yaml file: schema.yaml loaded successfully]
[2025-04-17 19:48:31,141: INFO: common: created directory at: artifacts]
[2025-04-17 19:48:31,142: INFO: common: created directory at: artifacts/data_ingestion]
[2025-04-17 19:48:31,143: INFO: data_ingestion: File already exists]
[2025-04-17 19:48:31,147: INFO: main: >>>>>> stage Data Ingestion stage completed <<<<<<

x==========x]
[2025-04-17 19:48:31,148: INFO: main: >>>>>> stage Data Validation stage started <<<<<<]
[2025-04-17 19:48:31,150: INFO: common: yaml file: config\config.yaml loaded successfully]
[2025-04-17 19:48:31,152: INFO: common: yaml file: params.yaml loaded successfully]
[2025-04-17 19:48:31,154: INFO: common: yaml file: schema.yaml loaded successfully]
[2025-04-17 19:48:31,156: INFO: common: created directory at: artifacts]
[2025-04-17 19:48:31,157: INFO: common: created directory at: artifacts/data_validation]
[2025-04-17 19:48:31,205: INFO: main: >>>>>> stage Data Validation stage completed <<<<<<

x==========x]
[2025-04-17 19:48:31,212: INFO: main: >>>>>> stage Data Transformation stage started <<<<<<]
[2025-04-17 19:48:31,221: INFO: common: yaml file: config\config.yaml loaded successfully]
[2025-04-17 19:48:31,222: INFO: common: yaml file: params.yaml loaded successfully]
[2025-04-17 19:48:31,229: INFO: common: yaml file: schema.yaml loaded successfully]
[2025-04-17 19:48:31,231: INFO: common: created directory at: artifacts]
[2025-04-17 19:48:31,233: INFO: common: created directory at: artifacts/data_transformation]
[2025-04-17 19:48:31,271: INFO: data_transformation: Splited data into training and test sets]
[2025-04-17 19:48:31,271: INFO: data_transformation: (1199, 12)]
[2025-04-17 19:48:31,271: INFO: data_transformation: (400, 12)]
[2025-04-17 19:48:31,274: INFO: main: >>>>>> stage Data Transformation stage completed <<<<<<

x==========x]
[2025-04-17 19:48:31,275: INFO: main: >>>>>> stage Model Trainer stage started <<<<<<]
[2025-04-17 19:48:31,283: INFO: common: yaml file: config\config.yaml loaded successfully]
[2025-04-17 19:48:31,285: INFO: common: yaml file: params.yaml loaded successfully]
[2025-04-17 19:48:31,287: INFO: common: yaml file: schema.yaml loaded successfully]
[2025-04-17 19:48:31,288: INFO: common: created directory at: artifacts]
[2025-04-17 19:48:31,289: INFO: common: created directory at: artifacts/model_trainer]
[2025-04-17 19:48:31,393: INFO: main: >>>>>> stage Model Trainer stage completed <<<<<<

x==========x]
[2025-04-17 19:48:31,393: INFO: main: >>>>>> stage Model Evaluation stage started <<<<<<]
[2025-04-17 19:48:31,398: INFO: common: yaml file: config\config.yaml loaded successfully]
[2025-04-17 19:48:31,400: INFO: common: yaml file: params.yaml loaded successfully]
[2025-04-17 19:48:31,402: INFO: common: yaml file: schema.yaml loaded successfully]
[2025-04-17 19:48:31,403: INFO: common: created directory at: artifacts]
[2025-04-17 19:48:31,404: INFO: common: created directory at: artifacts/model_evaluation]
[2025-04-17 19:48:32,828: ERROR: main: name 'Path' is not defined]
Traceback (most recent call last):
  File "C:\Users\Balu0\Downloads\MLops\DatascienceProject\main.py", line 58, in <module>
    evaluation_pipeline.initiate_model_evaluation()
  File "C:\Users\Balu0\Downloads\MLops\DatascienceProject\src\datascience\pipeline\model_evaluation_pipeline.py", line 15, in initiate_model_evaluation
    model_evaluation.log_into_mlflow()
  File "C:\Users\Balu0\Downloads\MLops\DatascienceProject\src\datascience\components\model_evaluation.py", line 45, in log_into_mlflow
    save_json(path=Path(self.config.metric_file_name), data=scores)
                   ^^^^
NameError: name 'Path' is not defined
[2025-04-17 19:57:59,222: INFO: main: >>>>>> stage Data Ingestion stage started <<<<<<]
[2025-04-17 19:57:59,226: INFO: common: yaml file: config\config.yaml loaded successfully]
[2025-04-17 19:57:59,231: INFO: common: yaml file: params.yaml loaded successfully]
[2025-04-17 19:57:59,235: INFO: common: yaml file: schema.yaml loaded successfully]
[2025-04-17 19:57:59,237: INFO: common: created directory at: artifacts]
[2025-04-17 19:57:59,239: INFO: common: created directory at: artifacts/data_ingestion]
[2025-04-17 19:57:59,239: INFO: data_ingestion: File already exists]
[2025-04-17 19:57:59,250: INFO: main: >>>>>> stage Data Ingestion stage completed <<<<<<

x==========x]
[2025-04-17 19:57:59,251: INFO: main: >>>>>> stage Data Validation stage started <<<<<<]
[2025-04-17 19:57:59,256: INFO: common: yaml file: config\config.yaml loaded successfully]
[2025-04-17 19:57:59,258: INFO: common: yaml file: params.yaml loaded successfully]
[2025-04-17 19:57:59,259: INFO: common: yaml file: schema.yaml loaded successfully]
[2025-04-17 19:57:59,260: INFO: common: created directory at: artifacts]
[2025-04-17 19:57:59,261: INFO: common: created directory at: artifacts/data_validation]
[2025-04-17 19:57:59,348: INFO: main: >>>>>> stage Data Validation stage completed <<<<<<

x==========x]
[2025-04-17 19:57:59,348: INFO: main: >>>>>> stage Data Transformation stage started <<<<<<]
[2025-04-17 19:57:59,356: INFO: common: yaml file: config\config.yaml loaded successfully]
[2025-04-17 19:57:59,358: INFO: common: yaml file: params.yaml loaded successfully]
[2025-04-17 19:57:59,361: INFO: common: yaml file: schema.yaml loaded successfully]
[2025-04-17 19:57:59,362: INFO: common: created directory at: artifacts]
[2025-04-17 19:57:59,362: INFO: common: created directory at: artifacts/data_transformation]
[2025-04-17 19:57:59,427: INFO: data_transformation: Splited data into training and test sets]
[2025-04-17 19:57:59,428: INFO: data_transformation: (1199, 12)]
[2025-04-17 19:57:59,428: INFO: data_transformation: (400, 12)]
[2025-04-17 19:57:59,430: INFO: main: >>>>>> stage Data Transformation stage completed <<<<<<

x==========x]
[2025-04-17 19:57:59,430: INFO: main: >>>>>> stage Model Trainer stage started <<<<<<]
[2025-04-17 19:57:59,436: INFO: common: yaml file: config\config.yaml loaded successfully]
[2025-04-17 19:57:59,442: INFO: common: yaml file: params.yaml loaded successfully]
[2025-04-17 19:57:59,444: INFO: common: yaml file: schema.yaml loaded successfully]
[2025-04-17 19:57:59,446: INFO: common: created directory at: artifacts]
[2025-04-17 19:57:59,447: INFO: common: created directory at: artifacts/model_trainer]
[2025-04-17 19:57:59,571: INFO: main: >>>>>> stage Model Trainer stage completed <<<<<<

x==========x]
[2025-04-17 19:57:59,571: INFO: main: >>>>>> stage Model Evaluation stage started <<<<<<]
[2025-04-17 19:57:59,574: INFO: common: yaml file: config\config.yaml loaded successfully]
[2025-04-17 19:57:59,576: INFO: common: yaml file: params.yaml loaded successfully]
[2025-04-17 19:57:59,579: INFO: common: yaml file: schema.yaml loaded successfully]
[2025-04-17 19:57:59,580: INFO: common: created directory at: artifacts]
[2025-04-17 19:57:59,581: INFO: common: created directory at: artifacts/model_evaluation]
[2025-04-17 19:58:02,429: INFO: common: json file saved at: artifacts\model_evaluation\metrics.json]
[2025-04-17 19:58:25,625: INFO: main: >>>>>> stage Model Evaluation stage completed <<<<<<

x==========x]
[2025-04-17 20:01:43,274: INFO: main: >>>>>> stage Data Ingestion stage started <<<<<<]
[2025-04-17 20:01:43,279: INFO: common: yaml file: config\config.yaml loaded successfully]
[2025-04-17 20:01:43,282: INFO: common: yaml file: params.yaml loaded successfully]
[2025-04-17 20:01:43,285: INFO: common: yaml file: schema.yaml loaded successfully]
[2025-04-17 20:01:43,287: INFO: common: created directory at: artifacts]
[2025-04-17 20:01:43,288: INFO: common: created directory at: artifacts/data_ingestion]
[2025-04-17 20:01:43,289: INFO: data_ingestion: File already exists]
[2025-04-17 20:01:43,299: INFO: main: >>>>>> stage Data Ingestion stage completed <<<<<<

x==========x]
[2025-04-17 20:01:43,299: INFO: main: >>>>>> stage Data Validation stage started <<<<<<]
[2025-04-17 20:01:43,304: INFO: common: yaml file: config\config.yaml loaded successfully]
[2025-04-17 20:01:43,305: INFO: common: yaml file: params.yaml loaded successfully]
[2025-04-17 20:01:43,308: INFO: common: yaml file: schema.yaml loaded successfully]
[2025-04-17 20:01:43,309: INFO: common: created directory at: artifacts]
[2025-04-17 20:01:43,311: INFO: common: created directory at: artifacts/data_validation]
[2025-04-17 20:01:43,383: INFO: main: >>>>>> stage Data Validation stage completed <<<<<<

x==========x]
[2025-04-17 20:01:43,385: INFO: main: >>>>>> stage Data Transformation stage started <<<<<<]
[2025-04-17 20:01:43,411: INFO: common: yaml file: config\config.yaml loaded successfully]
[2025-04-17 20:01:43,413: INFO: common: yaml file: params.yaml loaded successfully]
[2025-04-17 20:01:43,420: INFO: common: yaml file: schema.yaml loaded successfully]
[2025-04-17 20:01:43,422: INFO: common: created directory at: artifacts]
[2025-04-17 20:01:43,423: INFO: common: created directory at: artifacts/data_transformation]
[2025-04-17 20:01:43,485: INFO: data_transformation: Splited data into training and test sets]
[2025-04-17 20:01:43,486: INFO: data_transformation: (1199, 12)]
[2025-04-17 20:01:43,486: INFO: data_transformation: (400, 12)]
[2025-04-17 20:01:43,487: INFO: main: >>>>>> stage Data Transformation stage completed <<<<<<

x==========x]
[2025-04-17 20:01:43,488: INFO: main: >>>>>> stage Model Trainer stage started <<<<<<]
[2025-04-17 20:01:43,490: INFO: common: yaml file: config\config.yaml loaded successfully]
[2025-04-17 20:01:43,492: INFO: common: yaml file: params.yaml loaded successfully]
[2025-04-17 20:01:43,494: INFO: common: yaml file: schema.yaml loaded successfully]
[2025-04-17 20:01:43,495: INFO: common: created directory at: artifacts]
[2025-04-17 20:01:43,502: INFO: common: created directory at: artifacts/model_trainer]
[2025-04-17 20:01:43,608: INFO: main: >>>>>> stage Model Trainer stage completed <<<<<<

x==========x]
[2025-04-17 20:01:43,608: INFO: main: >>>>>> stage Model Evaluation stage started <<<<<<]
[2025-04-17 20:01:43,611: INFO: common: yaml file: config\config.yaml loaded successfully]
[2025-04-17 20:01:43,612: INFO: common: yaml file: params.yaml loaded successfully]
[2025-04-17 20:01:43,618: INFO: common: yaml file: schema.yaml loaded successfully]
[2025-04-17 20:01:43,620: INFO: common: created directory at: artifacts]
[2025-04-17 20:01:43,620: INFO: common: created directory at: artifacts/model_evaluation]
[2025-04-17 20:01:47,270: INFO: common: json file saved at: artifacts\model_evaluation\metrics.json]
[2025-04-17 20:02:03,542: INFO: main: >>>>>> stage Model Evaluation stage completed <<<<<<

x==========x]
[2025-04-17 20:44:46,048: INFO: _internal: [31m[1mWARNING: This is a development server. Do not use it in a production deployment. Use a production WSGI server instead.[0m
 * Running on all addresses (0.0.0.0)
 * Running on http://127.0.0.1:8080
 * Running on http://192.168.1.5:8080]
[2025-04-17 20:44:46,050: INFO: _internal: [33mPress CTRL+C to quit[0m]
[2025-04-17 20:44:54,142: INFO: _internal: 127.0.0.1 - - [17/Apr/2025 20:44:54] "GET / HTTP/1.1" 200 -]
[2025-04-17 20:44:54,228: INFO: _internal: 127.0.0.1 - - [17/Apr/2025 20:44:54] "[33mGET /static/assets/img/form-v9.jpg HTTP/1.1[0m" 404 -]
[2025-04-17 20:44:54,700: INFO: _internal: 127.0.0.1 - - [17/Apr/2025 20:44:54] "[33mGET /favicon.ico HTTP/1.1[0m" 404 -]
[2025-04-17 20:45:20,343: INFO: main: >>>>>> stage Data Ingestion stage started <<<<<<]
[2025-04-17 20:45:20,353: INFO: common: yaml file: config\config.yaml loaded successfully]
[2025-04-17 20:45:20,360: INFO: common: yaml file: params.yaml loaded successfully]
[2025-04-17 20:45:20,367: INFO: common: yaml file: schema.yaml loaded successfully]
[2025-04-17 20:45:20,370: INFO: common: created directory at: artifacts]
[2025-04-17 20:45:20,371: INFO: common: created directory at: artifacts/data_ingestion]
[2025-04-17 20:45:20,372: INFO: data_ingestion: File already exists]
[2025-04-17 20:45:20,388: INFO: main: >>>>>> stage Data Ingestion stage completed <<<<<<

x==========x]
[2025-04-17 20:45:20,389: INFO: main: >>>>>> stage Data Validation stage started <<<<<<]
[2025-04-17 20:45:20,396: INFO: common: yaml file: config\config.yaml loaded successfully]
[2025-04-17 20:45:20,400: INFO: common: yaml file: params.yaml loaded successfully]
[2025-04-17 20:45:20,410: INFO: common: yaml file: schema.yaml loaded successfully]
[2025-04-17 20:45:20,413: INFO: common: created directory at: artifacts]
[2025-04-17 20:45:20,414: INFO: common: created directory at: artifacts/data_validation]
[2025-04-17 20:45:20,496: INFO: main: >>>>>> stage Data Validation stage completed <<<<<<

x==========x]
[2025-04-17 20:45:20,497: INFO: main: >>>>>> stage Data Transformation stage started <<<<<<]
[2025-04-17 20:45:20,509: INFO: common: yaml file: config\config.yaml loaded successfully]
[2025-04-17 20:45:20,517: INFO: common: yaml file: params.yaml loaded successfully]
[2025-04-17 20:45:20,523: INFO: common: yaml file: schema.yaml loaded successfully]
[2025-04-17 20:45:20,530: INFO: common: created directory at: artifacts]
[2025-04-17 20:45:20,535: INFO: common: created directory at: artifacts/data_transformation]
[2025-04-17 20:45:20,666: INFO: data_transformation: Splited data into training and test sets]
[2025-04-17 20:45:20,667: INFO: data_transformation: (1199, 12)]
[2025-04-17 20:45:20,668: INFO: data_transformation: (400, 12)]
[2025-04-17 20:45:20,670: INFO: main: >>>>>> stage Data Transformation stage completed <<<<<<

x==========x]
[2025-04-17 20:45:20,671: INFO: main: >>>>>> stage Model Trainer stage started <<<<<<]
[2025-04-17 20:45:20,678: INFO: common: yaml file: config\config.yaml loaded successfully]
[2025-04-17 20:45:20,683: INFO: common: yaml file: params.yaml loaded successfully]
[2025-04-17 20:45:20,688: INFO: common: yaml file: schema.yaml loaded successfully]
[2025-04-17 20:45:20,693: INFO: common: created directory at: artifacts]
[2025-04-17 20:45:20,695: INFO: common: created directory at: artifacts/model_trainer]
[2025-04-17 20:45:20,896: INFO: main: >>>>>> stage Model Trainer stage completed <<<<<<

x==========x]
[2025-04-17 20:45:20,897: INFO: main: >>>>>> stage Model Evaluation stage started <<<<<<]
[2025-04-17 20:45:20,904: INFO: common: yaml file: config\config.yaml loaded successfully]
[2025-04-17 20:45:20,909: INFO: common: yaml file: params.yaml loaded successfully]
[2025-04-17 20:45:20,913: INFO: common: yaml file: schema.yaml loaded successfully]
[2025-04-17 20:45:20,917: INFO: common: created directory at: artifacts]
[2025-04-17 20:45:20,918: INFO: common: created directory at: artifacts/model_evaluation]
[2025-04-17 20:45:25,828: INFO: common: json file saved at: artifacts\model_evaluation\metrics.json]
[2025-04-17 20:45:47,435: INFO: main: >>>>>> stage Model Evaluation stage completed <<<<<<

x==========x]
[2025-04-17 20:45:48,872: INFO: _internal: 127.0.0.1 - - [17/Apr/2025 20:45:48] "GET /train HTTP/1.1" 200 -]
[2025-04-17 20:46:16,762: INFO: _internal: 127.0.0.1 - - [17/Apr/2025 20:46:16] "GET / HTTP/1.1" 200 -]
[2025-04-17 20:46:16,827: INFO: _internal: 127.0.0.1 - - [17/Apr/2025 20:46:16] "[33mGET /static/assets/img/form-v9.jpg HTTP/1.1[0m" 404 -]
[2025-04-17 20:46:53,850: INFO: _internal: 127.0.0.1 - - [17/Apr/2025 20:46:53] "POST /predict HTTP/1.1" 200 -]
[2025-04-17 20:47:06,641: INFO: _internal: 127.0.0.1 - - [17/Apr/2025 20:47:06] "POST /predict HTTP/1.1" 200 -]
[2025-04-17 20:47:14,500: INFO: _internal: 127.0.0.1 - - [17/Apr/2025 20:47:14] "GET / HTTP/1.1" 200 -]
[2025-04-17 20:47:14,553: INFO: _internal: 127.0.0.1 - - [17/Apr/2025 20:47:14] "[33mGET /static/assets/img/form-v9.jpg HTTP/1.1[0m" 404 -]
[2025-04-17 20:47:37,142: INFO: _internal: 127.0.0.1 - - [17/Apr/2025 20:47:37] "POST /predict HTTP/1.1" 200 -]
[2025-04-17 20:54:09,817: INFO: _internal: [31m[1mWARNING: This is a development server. Do not use it in a production deployment. Use a production WSGI server instead.[0m
 * Running on all addresses (0.0.0.0)
 * Running on http://127.0.0.1:8080
 * Running on http://192.168.1.5:8080]
[2025-04-17 20:54:09,818: INFO: _internal: [33mPress CTRL+C to quit[0m]
[2025-04-17 20:54:15,749: INFO: _internal: 127.0.0.1 - - [17/Apr/2025 20:54:15] "GET / HTTP/1.1" 200 -]
[2025-04-17 20:54:15,867: INFO: _internal: 127.0.0.1 - - [17/Apr/2025 20:54:15] "[33mGET /static/assets/img/form-v9.jpg HTTP/1.1[0m" 404 -]
[2025-04-17 20:54:35,598: INFO: main: >>>>>> stage Data Ingestion stage started <<<<<<]
[2025-04-17 20:54:35,609: INFO: common: yaml file: config\config.yaml loaded successfully]
[2025-04-17 20:54:35,618: INFO: common: yaml file: params.yaml loaded successfully]
[2025-04-17 20:54:35,624: INFO: common: yaml file: schema.yaml loaded successfully]
[2025-04-17 20:54:35,628: INFO: common: created directory at: artifacts]
[2025-04-17 20:54:35,630: INFO: common: created directory at: artifacts/data_ingestion]
[2025-04-17 20:54:35,632: INFO: data_ingestion: File already exists]
[2025-04-17 20:54:35,663: INFO: main: >>>>>> stage Data Ingestion stage completed <<<<<<

x==========x]
[2025-04-17 20:54:35,665: INFO: main: >>>>>> stage Data Validation stage started <<<<<<]
[2025-04-17 20:54:35,676: INFO: common: yaml file: config\config.yaml loaded successfully]
[2025-04-17 20:54:35,694: INFO: common: yaml file: params.yaml loaded successfully]
[2025-04-17 20:54:35,701: INFO: common: yaml file: schema.yaml loaded successfully]
[2025-04-17 20:54:35,706: INFO: common: created directory at: artifacts]
[2025-04-17 20:54:35,711: INFO: common: created directory at: artifacts/data_validation]
[2025-04-17 20:54:35,833: INFO: main: >>>>>> stage Data Validation stage completed <<<<<<

x==========x]
[2025-04-17 20:54:35,834: INFO: main: >>>>>> stage Data Transformation stage started <<<<<<]
[2025-04-17 20:54:35,845: INFO: common: yaml file: config\config.yaml loaded successfully]
[2025-04-17 20:54:35,849: INFO: common: yaml file: params.yaml loaded successfully]
[2025-04-17 20:54:35,856: INFO: common: yaml file: schema.yaml loaded successfully]
[2025-04-17 20:54:35,861: INFO: common: created directory at: artifacts]
[2025-04-17 20:54:35,863: INFO: common: created directory at: artifacts/data_transformation]
[2025-04-17 20:54:35,985: INFO: data_transformation: Splited data into training and test sets]
[2025-04-17 20:54:35,986: INFO: data_transformation: (1199, 12)]
[2025-04-17 20:54:35,987: INFO: data_transformation: (400, 12)]
[2025-04-17 20:54:35,992: INFO: main: >>>>>> stage Data Transformation stage completed <<<<<<

x==========x]
[2025-04-17 20:54:35,993: INFO: main: >>>>>> stage Model Trainer stage started <<<<<<]
[2025-04-17 20:54:36,001: INFO: common: yaml file: config\config.yaml loaded successfully]
[2025-04-17 20:54:36,008: INFO: common: yaml file: params.yaml loaded successfully]
[2025-04-17 20:54:36,015: INFO: common: yaml file: schema.yaml loaded successfully]
[2025-04-17 20:54:36,018: INFO: common: created directory at: artifacts]
[2025-04-17 20:54:36,020: INFO: common: created directory at: artifacts/model_trainer]
[2025-04-17 20:54:36,287: INFO: main: >>>>>> stage Model Trainer stage completed <<<<<<

x==========x]
[2025-04-17 20:54:36,288: INFO: main: >>>>>> stage Model Evaluation stage started <<<<<<]
[2025-04-17 20:54:36,298: INFO: common: yaml file: config\config.yaml loaded successfully]
[2025-04-17 20:54:36,301: INFO: common: yaml file: params.yaml loaded successfully]
[2025-04-17 20:54:36,309: INFO: common: yaml file: schema.yaml loaded successfully]
[2025-04-17 20:54:36,313: INFO: common: created directory at: artifacts]
[2025-04-17 20:54:36,315: INFO: common: created directory at: artifacts/model_evaluation]
[2025-04-17 20:54:40,885: INFO: common: json file saved at: artifacts\model_evaluation\metrics.json]
[2025-04-17 20:54:55,948: INFO: main: >>>>>> stage Model Evaluation stage completed <<<<<<

x==========x]
[2025-04-17 20:54:57,393: INFO: _internal: 127.0.0.1 - - [17/Apr/2025 20:54:57] "GET /train HTTP/1.1" 200 -]
[2025-04-17 20:55:17,759: INFO: _internal: 127.0.0.1 - - [17/Apr/2025 20:55:17] "GET / HTTP/1.1" 200 -]
[2025-04-17 20:55:17,836: INFO: _internal: 127.0.0.1 - - [17/Apr/2025 20:55:17] "[33mGET /static/assets/img/form-v9.jpg HTTP/1.1[0m" 404 -]
[2025-04-17 20:55:40,842: ERROR: app: Exception on /predict [POST]]
Traceback (most recent call last):
  File "C:\Users\Balu0\Downloads\MLops\DatascienceProject\app.py", line 45, in index
    return render_template('results.html', prediction = str(predict))
           ^^^^^^^^^^^^^^^^^^^^^^^^^^^^^^^^^^^^^^^^^^^^^^^^^^^^^^^^^^
  File "C:\Users\Balu0\AppData\Roaming\Python\Python312\site-packages\flask\templating.py", line 149, in render_template
    template = app.jinja_env.get_or_select_template(template_name_or_list)
               ^^^^^^^^^^^^^^^^^^^^^^^^^^^^^^^^^^^^^^^^^^^^^^^^^^^^^^^^^^^
  File "C:\Users\Balu0\AppData\Roaming\Python\Python312\site-packages\jinja2\environment.py", line 1084, in get_or_select_template
    return self.get_template(template_name_or_list, parent, globals)
           ^^^^^^^^^^^^^^^^^^^^^^^^^^^^^^^^^^^^^^^^^^^^^^^^^^^^^^^^^
  File "C:\Users\Balu0\AppData\Roaming\Python\Python312\site-packages\jinja2\environment.py", line 1013, in get_template
    return self._load_template(name, globals)
           ^^^^^^^^^^^^^^^^^^^^^^^^^^^^^^^^^^
  File "C:\Users\Balu0\AppData\Roaming\Python\Python312\site-packages\jinja2\environment.py", line 972, in _load_template
    template = self.loader.load(self, name, self.make_globals(globals))
               ^^^^^^^^^^^^^^^^^^^^^^^^^^^^^^^^^^^^^^^^^^^^^^^^^^^^^^^^
  File "C:\Users\Balu0\AppData\Roaming\Python\Python312\site-packages\jinja2\loaders.py", line 126, in load
    source, filename, uptodate = self.get_source(environment, name)
                                 ^^^^^^^^^^^^^^^^^^^^^^^^^^^^^^^^^^
  File "C:\Users\Balu0\AppData\Roaming\Python\Python312\site-packages\flask\templating.py", line 65, in get_source
    return self._get_source_fast(environment, template)
           ^^^^^^^^^^^^^^^^^^^^^^^^^^^^^^^^^^^^^^^^^^^^
  File "C:\Users\Balu0\AppData\Roaming\Python\Python312\site-packages\flask\templating.py", line 99, in _get_source_fast
    raise TemplateNotFound(template)
jinja2.exceptions.TemplateNotFound: results.html

During handling of the above exception, another exception occurred:

Traceback (most recent call last):
  File "C:\Users\Balu0\AppData\Roaming\Python\Python312\site-packages\flask\app.py", line 1511, in wsgi_app
    response = self.full_dispatch_request()
               ^^^^^^^^^^^^^^^^^^^^^^^^^^^^
  File "C:\Users\Balu0\AppData\Roaming\Python\Python312\site-packages\flask\app.py", line 919, in full_dispatch_request
    rv = self.handle_user_exception(e)
         ^^^^^^^^^^^^^^^^^^^^^^^^^^^^^
  File "C:\Users\Balu0\AppData\Roaming\Python\Python312\site-packages\flask\app.py", line 917, in full_dispatch_request
    rv = self.dispatch_request()
         ^^^^^^^^^^^^^^^^^^^^^^^
  File "C:\Users\Balu0\AppData\Roaming\Python\Python312\site-packages\flask\app.py", line 902, in dispatch_request
    return self.ensure_sync(self.view_functions[rule.endpoint])(**view_args)  # type: ignore[no-any-return]
           ^^^^^^^^^^^^^^^^^^^^^^^^^^^^^^^^^^^^^^^^^^^^^^^^^^^^^^^^^^^^^^^^^
  File "C:\Users\Balu0\Downloads\MLops\DatascienceProject\app.py", line 51, in index
    traceback.print_exc()  # Print full error details
    ^^^^^^^^^
NameError: name 'traceback' is not defined. Did you forget to import 'traceback'
[2025-04-17 20:55:41,109: INFO: _internal: 127.0.0.1 - - [17/Apr/2025 20:55:41] "[35m[1mPOST /predict HTTP/1.1[0m" 500 -]
